<?xml version="1.0" encoding="UTF-8"?>
<!-- Generated by org.testng.reporters.JUnitReportReporter -->
<testsuite skipped="0" hostname="ip-10-212-134-9.ap-south-1.compute.internal" name="PSWebTests.testcases" tests="1" failures="0" timestamp="2024-01-14T13:43:38 IST" time="0.904" errors="0">
  <testcase name="enterPhoneNumber" time="0.904" classname="PSWebTests.testcases"/>
  <system-out/>
</testsuite> <!-- PSWebTests.testcases -->
